<?xml version="1.0" encoding="UTF-8"?>
<testsuite name="JUnit Jupiter" tests="4" skipped="0" failures="1" errors="0" time="0.036" hostname="necropolis" timestamp="2025-06-08T19:00:21">
<properties>
[...]
</properties>
<testcase name="crearHeap()" classname="aed.HeapTransaccionesTests" time="0.003">
<failure message="El heapIndex de la transacción 0 no es correcto ==&gt; expected: &lt;4&gt; but was: &lt;1&gt;" type="org.opentest4j.AssertionFailedError"><![CDATA[org.opentest4j.AssertionFailedError: El heapIndex de la transacción 0 no es correcto ==> expected: <4> but was: <1>
	at org.junit.jupiter.api.AssertionFailureBuilder.build(AssertionFailureBuilder.java:151)
	at org.junit.jupiter.api.AssertionFailureBuilder.buildAndThrow(AssertionFailureBuilder.java:132)
	at org.junit.jupiter.api.AssertEquals.failNotEqual(AssertEquals.java:197)
	at org.junit.jupiter.api.AssertEquals.assertEquals(AssertEquals.java:150)
	at org.junit.jupiter.api.Assertions.assertEquals(Assertions.java:563)
	at aed.HeapTransaccionesTests.crearHeap(HeapTransaccionesTests.java:28)
	at java.base/java.lang.reflect.Method.invoke(Method.java:580)
	at java.base/java.util.ArrayList.forEach(ArrayList.java:1596)
	at java.base/java.util.ArrayList.forEach(ArrayList.java:1596)
]]></failure>
<system-out><![CDATA[
unique-id: [engine:junit-jupiter]/[class:aed.HeapTransaccionesTests]/[method:crearHeap()]
display-name: crearHeap()
]]></system-out>
</testcase>
<testcase name="hackearUnaVez()" classname="aed.HeapTransaccionesTests" time="0">
<system-out><![CDATA[
unique-id: [engine:junit-jupiter]/[class:aed.HeapTransaccionesTests]/[method:hackearUnaVez()]
display-name: hackearUnaVez()
]]></system-out>
</testcase>
<testcase name="heapIndex_actualizado_correctamente()" classname="aed.HeapTransaccionesTests" time="0.01">
<system-out><![CDATA[
unique-id: [engine:junit-jupiter]/[class:aed.HeapTransaccionesTests]/[method:heapIndex_actualizado_correctamente()]
display-name: heapIndex_actualizado_correctamente()
]]></system-out>
</testcase>
<testcase name="hackearVariasVeces()" classname="aed.HeapTransaccionesTests" time="0">
<system-out><![CDATA[
unique-id: [engine:junit-jupiter]/[class:aed.HeapTransaccionesTests]/[method:hackearVariasVeces()]
display-name: hackearVariasVeces()
]]></system-out>
</testcase>
<system-out><![CDATA[
unique-id: [engine:junit-jupiter]
display-name: JUnit Jupiter
]]></system-out>
</testsuite>
