<?xml version="1.0" encoding="UTF-8"?>
<testsuite name="JUnit Jupiter" tests="4" skipped="0" failures="3" errors="0" time="0.048" hostname="necropolis" timestamp="2025-06-08T15:11:18">
<properties>
[...]
</properties>
<testcase name="id_invalido_lanza_excepcion()" classname="aed.HeapUsuariosTests" time="0.002">
<failure message="Unexpected exception type thrown, expected: &lt;java.lang.IllegalArgumentException&gt; but was: &lt;java.lang.ArrayIndexOutOfBoundsException&gt;" type="org.opentest4j.AssertionFailedError"><![CDATA[org.opentest4j.AssertionFailedError: Unexpected exception type thrown, expected: <java.lang.IllegalArgumentException> but was: <java.lang.ArrayIndexOutOfBoundsException>
	at org.junit.jupiter.api.AssertionFailureBuilder.build(AssertionFailureBuilder.java:151)
	at org.junit.jupiter.api.AssertThrows.assertThrows(AssertThrows.java:67)
	at org.junit.jupiter.api.AssertThrows.assertThrows(AssertThrows.java:35)
	at org.junit.jupiter.api.Assertions.assertThrows(Assertions.java:3115)
	at aed.HeapUsuariosTests.id_invalido_lanza_excepcion(HeapUsuariosTests.java:65)
	at java.base/java.lang.reflect.Method.invoke(Method.java:580)
	at java.base/java.util.ArrayList.forEach(ArrayList.java:1596)
	at java.base/java.util.ArrayList.forEach(ArrayList.java:1596)
Caused by: java.lang.ArrayIndexOutOfBoundsException: Index 5 out of bounds for length 2
	at aed.HeapUsuarios.incrementarSaldo(HeapUsuarios.java:116)
	at aed.HeapUsuariosTests.lambda$0(HeapUsuariosTests.java:66)
	at org.junit.jupiter.api.AssertThrows.assertThrows(AssertThrows.java:53)
	... 6 more
]]></failure>
<system-out><![CDATA[
unique-id: [engine:junit-jupiter]/[class:aed.HeapUsuariosTests]/[method:id_invalido_lanza_excepcion()]
display-name: id_invalido_lanza_excepcion()
]]></system-out>
</testcase>
<testcase name="maximo_tenedor_basico()" classname="aed.HeapUsuariosTests" time="0.001">
<failure message="expected: &lt;&gt; but was: &lt;
   2 (0)
0 (0)
      4 (0)
   1 (0)
      3 (0)
&gt;" type="org.opentest4j.AssertionFailedError"><![CDATA[org.opentest4j.AssertionFailedError: expected: <> but was: <
   2 (0)
0 (0)
      4 (0)
   1 (0)
      3 (0)
>
	at org.junit.jupiter.api.AssertionFailureBuilder.build(AssertionFailureBuilder.java:151)
	at org.junit.jupiter.api.AssertionFailureBuilder.buildAndThrow(AssertionFailureBuilder.java:132)
	at org.junit.jupiter.api.AssertEquals.failNotEqual(AssertEquals.java:197)
	at org.junit.jupiter.api.AssertEquals.assertEquals(AssertEquals.java:182)
	at org.junit.jupiter.api.AssertEquals.assertEquals(AssertEquals.java:177)
	at org.junit.jupiter.api.Assertions.assertEquals(Assertions.java:1145)
	at aed.HeapUsuariosTests.maximo_tenedor_basico(HeapUsuariosTests.java:23)
	at java.base/java.lang.reflect.Method.invoke(Method.java:580)
	at java.base/java.util.ArrayList.forEach(ArrayList.java:1596)
	at java.base/java.util.ArrayList.forEach(ArrayList.java:1596)
]]></failure>
<system-out><![CDATA[
unique-id: [engine:junit-jupiter]/[class:aed.HeapUsuariosTests]/[method:maximo_tenedor_basico()]
display-name: maximo_tenedor_basico()
]]></system-out>
</testcase>
<testcase name="actualizar_saldo_varias_veces()" classname="aed.HeapUsuariosTests" time="0.004">
<failure message="expected: &lt;30&gt; but was: &lt;1&gt;" type="org.opentest4j.AssertionFailedError"><![CDATA[org.opentest4j.AssertionFailedError: expected: <30> but was: <1>
	at org.junit.jupiter.api.AssertionFailureBuilder.build(AssertionFailureBuilder.java:151)
	at org.junit.jupiter.api.AssertionFailureBuilder.buildAndThrow(AssertionFailureBuilder.java:132)
	at org.junit.jupiter.api.AssertEquals.failNotEqual(AssertEquals.java:197)
	at org.junit.jupiter.api.AssertEquals.assertEquals(AssertEquals.java:150)
	at org.junit.jupiter.api.AssertEquals.assertEquals(AssertEquals.java:145)
	at org.junit.jupiter.api.Assertions.assertEquals(Assertions.java:531)
	at aed.HeapUsuariosTests.actualizar_saldo_varias_veces(HeapUsuariosTests.java:52)
	at java.base/java.lang.reflect.Method.invoke(Method.java:580)
	at java.base/java.util.ArrayList.forEach(ArrayList.java:1596)
	at java.base/java.util.ArrayList.forEach(ArrayList.java:1596)
]]></failure>
<system-out><![CDATA[
unique-id: [engine:junit-jupiter]/[class:aed.HeapUsuariosTests]/[method:actualizar_saldo_varias_veces()]
display-name: actualizar_saldo_varias_veces()
]]></system-out>
</testcase>
<testcase name="todos_empiezan_en_cero()" classname="aed.HeapUsuariosTests" time="0.012">
<system-out><![CDATA[
unique-id: [engine:junit-jupiter]/[class:aed.HeapUsuariosTests]/[method:todos_empiezan_en_cero()]
display-name: todos_empiezan_en_cero()
]]></system-out>
</testcase>
<system-out><![CDATA[
unique-id: [engine:junit-jupiter]
display-name: JUnit Jupiter
]]></system-out>
</testsuite>
