<?xml version="1.0" encoding="UTF-8"?>
<testsuite name="JUnit Jupiter" tests="4" skipped="0" failures="3" errors="0" time="0.048" hostname="necropolis" timestamp="2025-06-08T15:11:18">
<properties>
<property name="file.encoding" value="UTF-8"/>
<property name="file.separator" value="/"/>
<property name="java.class.path" value="/home/necropheus/.local/share/nvim/neotest-java/junit-platform-console-standalone-1.10.1.jar"/>
<property name="java.class.version" value="65.0"/>
<property name="java.home" value="/nix/store/sbi30vfjsw6b099fmn43vgq70ddl03cr-openjdk-21.0.5+11/lib/openjdk"/>
<property name="java.io.tmpdir" value="/tmp"/>
<property name="java.library.path" value="/usr/java/packages/lib:/usr/lib64:/lib64:/lib:/usr/lib"/>
<property name="java.runtime.name" value="OpenJDK Runtime Environment"/>
<property name="java.runtime.version" value="21.0.5+1-nixos"/>
<property name="java.specification.name" value="Java Platform API Specification"/>
<property name="java.specification.vendor" value="Oracle Corporation"/>
<property name="java.specification.version" value="21"/>
<property name="java.vendor" value="N/A"/>
<property name="java.vendor.url" value="https://openjdk.org/"/>
<property name="java.vendor.url.bug" value="https://bugreport.java.com/bugreport/"/>
<property name="java.version" value="21.0.5"/>
<property name="java.version.date" value="2024-10-15"/>
<property name="java.vm.compressedOopsMode" value="Zero based"/>
<property name="java.vm.info" value="mixed mode, sharing"/>
<property name="java.vm.name" value="OpenJDK 64-Bit Server VM"/>
<property name="java.vm.specification.name" value="Java Virtual Machine Specification"/>
<property name="java.vm.specification.vendor" value="Oracle Corporation"/>
<property name="java.vm.specification.version" value="21"/>
<property name="java.vm.vendor" value="Oracle Corporation"/>
<property name="java.vm.version" value="21.0.5+1-nixos"/>
<property name="jdk.debug" value="release"/>
<property name="line.separator" value="
"/>
<property name="native.encoding" value="UTF-8"/>
<property name="os.arch" value="amd64"/>
<property name="os.name" value="Linux"/>
<property name="os.version" value="6.6.69"/>
<property name="path.separator" value=":"/>
<property name="stderr.encoding" value="UTF-8"/>
<property name="stdout.encoding" value="UTF-8"/>
<property name="sun.arch.data.model" value="64"/>
<property name="sun.boot.library.path" value="/nix/store/sbi30vfjsw6b099fmn43vgq70ddl03cr-openjdk-21.0.5+11/lib/openjdk/lib"/>
<property name="sun.cpu.endian" value="little"/>
<property name="sun.io.unicode.encoding" value="UnicodeLittle"/>
<property name="sun.java.command" value="/home/necropheus/.local/share/nvim/neotest-java/junit-platform-console-standalone-1.10.1.jar execute @./target/classes/.cp --reports-dir=./target/classes/junit-reports/080625151118 --fail-if-no-tests --disable-banner --details=testfeed --config=junit.platform.output.capture.stdout=true -c=aed.HeapUsuariosTests"/>
<property name="sun.java.launcher" value="SUN_STANDARD"/>
<property name="sun.jnu.encoding" value="UTF-8"/>
<property name="sun.management.compiler" value="HotSpot 64-Bit Tiered Compilers"/>
<property name="user.country" value="US"/>
<property name="user.dir" value="/home/necropheus/Documents/projects/facu/algoritmos/tp2"/>
<property name="user.home" value="/home/necropheus"/>
<property name="user.language" value="en"/>
<property name="user.name" value="necropheus"/>
<property name="user.timezone" value="America/Argentina/Buenos_Aires"/>
</properties>
<testcase name="id_invalido_lanza_excepcion()" classname="aed.HeapUsuariosTests" time="0.002">
<failure message="Unexpected exception type thrown, expected: &lt;java.lang.IllegalArgumentException&gt; but was: &lt;java.lang.ArrayIndexOutOfBoundsException&gt;" type="org.opentest4j.AssertionFailedError"><![CDATA[org.opentest4j.AssertionFailedError: Unexpected exception type thrown, expected: <java.lang.IllegalArgumentException> but was: <java.lang.ArrayIndexOutOfBoundsException>
	at org.junit.jupiter.api.AssertionFailureBuilder.build(AssertionFailureBuilder.java:151)
	at org.junit.jupiter.api.AssertThrows.assertThrows(AssertThrows.java:67)
	at org.junit.jupiter.api.AssertThrows.assertThrows(AssertThrows.java:35)
	at org.junit.jupiter.api.Assertions.assertThrows(Assertions.java:3115)
	at aed.HeapUsuariosTests.id_invalido_lanza_excepcion(HeapUsuariosTests.java:65)
	at java.base/java.lang.reflect.Method.invoke(Method.java:580)
	at java.base/java.util.ArrayList.forEach(ArrayList.java:1596)
	at java.base/java.util.ArrayList.forEach(ArrayList.java:1596)
Caused by: java.lang.ArrayIndexOutOfBoundsException: Index 5 out of bounds for length 2
	at aed.HeapUsuarios.incrementarSaldo(HeapUsuarios.java:116)
	at aed.HeapUsuariosTests.lambda$0(HeapUsuariosTests.java:66)
	at org.junit.jupiter.api.AssertThrows.assertThrows(AssertThrows.java:53)
	... 6 more
]]></failure>
<system-out><![CDATA[
unique-id: [engine:junit-jupiter]/[class:aed.HeapUsuariosTests]/[method:id_invalido_lanza_excepcion()]
display-name: id_invalido_lanza_excepcion()
]]></system-out>
</testcase>
<testcase name="maximo_tenedor_basico()" classname="aed.HeapUsuariosTests" time="0.001">
<failure message="expected: &lt;&gt; but was: &lt;
   2 (0)
0 (0)
      4 (0)
   1 (0)
      3 (0)
&gt;" type="org.opentest4j.AssertionFailedError"><![CDATA[org.opentest4j.AssertionFailedError: expected: <> but was: <
   2 (0)
0 (0)
      4 (0)
   1 (0)
      3 (0)
>
	at org.junit.jupiter.api.AssertionFailureBuilder.build(AssertionFailureBuilder.java:151)
	at org.junit.jupiter.api.AssertionFailureBuilder.buildAndThrow(AssertionFailureBuilder.java:132)
	at org.junit.jupiter.api.AssertEquals.failNotEqual(AssertEquals.java:197)
	at org.junit.jupiter.api.AssertEquals.assertEquals(AssertEquals.java:182)
	at org.junit.jupiter.api.AssertEquals.assertEquals(AssertEquals.java:177)
	at org.junit.jupiter.api.Assertions.assertEquals(Assertions.java:1145)
	at aed.HeapUsuariosTests.maximo_tenedor_basico(HeapUsuariosTests.java:23)
	at java.base/java.lang.reflect.Method.invoke(Method.java:580)
	at java.base/java.util.ArrayList.forEach(ArrayList.java:1596)
	at java.base/java.util.ArrayList.forEach(ArrayList.java:1596)
]]></failure>
<system-out><![CDATA[
unique-id: [engine:junit-jupiter]/[class:aed.HeapUsuariosTests]/[method:maximo_tenedor_basico()]
display-name: maximo_tenedor_basico()
]]></system-out>
</testcase>
<testcase name="actualizar_saldo_varias_veces()" classname="aed.HeapUsuariosTests" time="0.004">
<failure message="expected: &lt;30&gt; but was: &lt;1&gt;" type="org.opentest4j.AssertionFailedError"><![CDATA[org.opentest4j.AssertionFailedError: expected: <30> but was: <1>
	at org.junit.jupiter.api.AssertionFailureBuilder.build(AssertionFailureBuilder.java:151)
	at org.junit.jupiter.api.AssertionFailureBuilder.buildAndThrow(AssertionFailureBuilder.java:132)
	at org.junit.jupiter.api.AssertEquals.failNotEqual(AssertEquals.java:197)
	at org.junit.jupiter.api.AssertEquals.assertEquals(AssertEquals.java:150)
	at org.junit.jupiter.api.AssertEquals.assertEquals(AssertEquals.java:145)
	at org.junit.jupiter.api.Assertions.assertEquals(Assertions.java:531)
	at aed.HeapUsuariosTests.actualizar_saldo_varias_veces(HeapUsuariosTests.java:52)
	at java.base/java.lang.reflect.Method.invoke(Method.java:580)
	at java.base/java.util.ArrayList.forEach(ArrayList.java:1596)
	at java.base/java.util.ArrayList.forEach(ArrayList.java:1596)
]]></failure>
<system-out><![CDATA[
unique-id: [engine:junit-jupiter]/[class:aed.HeapUsuariosTests]/[method:actualizar_saldo_varias_veces()]
display-name: actualizar_saldo_varias_veces()
]]></system-out>
</testcase>
<testcase name="todos_empiezan_en_cero()" classname="aed.HeapUsuariosTests" time="0.012">
<system-out><![CDATA[
unique-id: [engine:junit-jupiter]/[class:aed.HeapUsuariosTests]/[method:todos_empiezan_en_cero()]
display-name: todos_empiezan_en_cero()
]]></system-out>
</testcase>
<system-out><![CDATA[
unique-id: [engine:junit-jupiter]
display-name: JUnit Jupiter
]]></system-out>
</testsuite>
