<?xml version="1.0" encoding="UTF-8"?>
<testsuite name="JUnit Jupiter" tests="15" skipped="0" failures="1" errors="0" time="0.952" hostname="necropolis" timestamp="2025-06-09T11:19:06">
<properties>
[...]
</properties>
<testcase name="hackeoTotalDeBloque()" classname="aed.BerretacoinTests" time="0">
<system-out><![CDATA[
unique-id: [engine:junit-jupiter]/[class:aed.BerretacoinTests]/[method:hackeoTotalDeBloque()]
display-name: hackeoTotalDeBloque()
]]></system-out>
</testcase>
<testcase name="agregarVariosBloques()" classname="aed.BerretacoinTests" time="0">
<system-out><![CDATA[
unique-id: [engine:junit-jupiter]/[class:aed.BerretacoinTests]/[method:agregarVariosBloques()]
display-name: agregarVariosBloques()
]]></system-out>
</testcase>
<testcase name="empatesEnTransaccionMayorValor()" classname="aed.BerretacoinTests" time="0">
<system-out><![CDATA[
unique-id: [engine:junit-jupiter]/[class:aed.BerretacoinTests]/[method:empatesEnTransaccionMayorValor()]
display-name: empatesEnTransaccionMayorValor()
]]></system-out>
</testcase>
<testcase name="testStress()" classname="aed.BerretacoinTests" time="0.907">
<failure message="expected: &lt;4&gt; but was: &lt;3&gt;" type="org.opentest4j.AssertionFailedError"><![CDATA[org.opentest4j.AssertionFailedError: expected: <4> but was: <3>
	at org.junit.jupiter.api.AssertionFailureBuilder.build(AssertionFailureBuilder.java:151)
	at org.junit.jupiter.api.AssertionFailureBuilder.buildAndThrow(AssertionFailureBuilder.java:132)
	at org.junit.jupiter.api.AssertEquals.failNotEqual(AssertEquals.java:197)
	at org.junit.jupiter.api.AssertEquals.assertEquals(AssertEquals.java:150)
	at org.junit.jupiter.api.AssertEquals.assertEquals(AssertEquals.java:145)
	at org.junit.jupiter.api.Assertions.assertEquals(Assertions.java:531)
	at aed.BerretacoinTests.testStress(BerretacoinTests.java:426)
	at java.base/java.lang.reflect.Method.invoke(Method.java:580)
	at java.base/java.util.ArrayList.forEach(ArrayList.java:1596)
	at java.base/java.util.ArrayList.forEach(ArrayList.java:1596)
]]></failure>
<system-out><![CDATA[
unique-id: [engine:junit-jupiter]/[class:aed.BerretacoinTests]/[method:testStress()]
display-name: testStress()
]]></system-out>
</testcase>
<testcase name="maximoTenedorEsElMinimoCuandoNuevo()" classname="aed.BerretacoinTests" time="0">
<system-out><![CDATA[
unique-id: [engine:junit-jupiter]/[class:aed.BerretacoinTests]/[method:maximoTenedorEsElMinimoCuandoNuevo()]
display-name: maximoTenedorEsElMinimoCuandoNuevo()
]]></system-out>
</testcase>
<testcase name="multiplesBloquesPequenos()" classname="aed.BerretacoinTests" time="0">
<system-out><![CDATA[
unique-id: [engine:junit-jupiter]/[class:aed.BerretacoinTests]/[method:multiplesBloquesPequenos()]
display-name: multiplesBloquesPequenos()
]]></system-out>
</testcase>
<testcase name="agregarBloque()" classname="aed.BerretacoinTests" time="0">
<system-out><![CDATA[
unique-id: [engine:junit-jupiter]/[class:aed.BerretacoinTests]/[method:agregarBloque()]
display-name: agregarBloque()
]]></system-out>
</testcase>
<testcase name="hackearConVariosBloques()" classname="aed.BerretacoinTests" time="0">
<system-out><![CDATA[
unique-id: [engine:junit-jupiter]/[class:aed.BerretacoinTests]/[method:hackearConVariosBloques()]
display-name: hackearConVariosBloques()
]]></system-out>
</testcase>
<testcase name="unSoloUsuario()" classname="aed.BerretacoinTests" time="0">
<system-out><![CDATA[
unique-id: [engine:junit-jupiter]/[class:aed.BerretacoinTests]/[method:unSoloUsuario()]
display-name: unSoloUsuario()
]]></system-out>
</testcase>
<testcase name="bloqueConSoloTransaccionDeCreacion()" classname="aed.BerretacoinTests" time="0">
<system-out><![CDATA[
unique-id: [engine:junit-jupiter]/[class:aed.BerretacoinTests]/[method:bloqueConSoloTransaccionDeCreacion()]
display-name: bloqueConSoloTransaccionDeCreacion()
]]></system-out>
</testcase>
<testcase name="hackearVariasVeces()" classname="aed.BerretacoinTests" time="0">
<system-out><![CDATA[
unique-id: [engine:junit-jupiter]/[class:aed.BerretacoinTests]/[method:hackearVariasVeces()]
display-name: hackearVariasVeces()
]]></system-out>
</testcase>
<testcase name="hackeoAfectaSaldos()" classname="aed.BerretacoinTests" time="0">
<system-out><![CDATA[
unique-id: [engine:junit-jupiter]/[class:aed.BerretacoinTests]/[method:hackeoAfectaSaldos()]
display-name: hackeoAfectaSaldos()
]]></system-out>
</testcase>
<testcase name="hackearConUnBloque()" classname="aed.BerretacoinTests" time="0">
<system-out><![CDATA[
unique-id: [engine:junit-jupiter]/[class:aed.BerretacoinTests]/[method:hackearConUnBloque()]
display-name: hackearConUnBloque()
]]></system-out>
</testcase>
<testcase name="empatesEnMaximoTenedor()" classname="aed.BerretacoinTests" time="0">
<system-out><![CDATA[
unique-id: [engine:junit-jupiter]/[class:aed.BerretacoinTests]/[method:empatesEnMaximoTenedor()]
display-name: empatesEnMaximoTenedor()
]]></system-out>
</testcase>
<testcase name="hackeoUnicaTransaccion()" classname="aed.BerretacoinTests" time="0.012">
<system-out><![CDATA[
unique-id: [engine:junit-jupiter]/[class:aed.BerretacoinTests]/[method:hackeoUnicaTransaccion()]
display-name: hackeoUnicaTransaccion()
]]></system-out>
</testcase>
<system-out><![CDATA[
unique-id: [engine:junit-jupiter]
display-name: JUnit Jupiter
]]></system-out>
</testsuite>
